2019-09-05 16:42:02,949 - Trying to use logger class org.apache.velocity.runtime.log.AvalonLogChute
2019-09-05 16:42:02,949 - Target log system for org.apache.velocity.runtime.log.AvalonLogChute is not available (java.lang.NoClassDefFoundError: org/apache/log/format/Formatter).  Falling back to next log system...
2019-09-05 16:42:02,949 - Trying to use logger class org.apache.velocity.runtime.log.Log4JLogChute
2019-09-05 16:42:02,949 - Using logger class org.apache.velocity.runtime.log.Log4JLogChute
2019-09-05 16:42:02,952 - ResourceLoader instantiated: org.apache.velocity.runtime.resource.loader.FileResourceLoader
2019-09-05 16:42:02,953 - Do unicode file recognition:  false
2019-09-05 16:42:02,953 - FileResourceLoader : adding path 'D:\work\workspace\GIT\demo\java\ExportSpringBootProj\src\template\t2'
2019-09-05 16:42:02,969 - ResourceCache: initialized (class org.apache.velocity.runtime.resource.ResourceCacheImpl) with class java.util.Collections$SynchronizedMap cache map.
2019-09-05 16:42:02,970 - Loaded System Directive: org.apache.velocity.runtime.directive.Stop
2019-09-05 16:42:02,971 - Loaded System Directive: org.apache.velocity.runtime.directive.Define
2019-09-05 16:42:02,971 - Loaded System Directive: org.apache.velocity.runtime.directive.Break
2019-09-05 16:42:02,972 - Loaded System Directive: org.apache.velocity.runtime.directive.Evaluate
2019-09-05 16:42:02,972 - Loaded System Directive: org.apache.velocity.runtime.directive.Literal
2019-09-05 16:42:02,973 - Loaded System Directive: org.apache.velocity.runtime.directive.Macro
2019-09-05 16:42:02,973 - Loaded System Directive: org.apache.velocity.runtime.directive.Parse
2019-09-05 16:42:02,974 - Loaded System Directive: org.apache.velocity.runtime.directive.Include
2019-09-05 16:42:02,974 - Loaded System Directive: org.apache.velocity.runtime.directive.Foreach
2019-09-05 16:42:02,992 - Created '20' parsers.
2019-09-05 16:42:02,995 - Velocimacro : "velocimacro.library" is not set.  Trying default library: VM_global_library.vm
2019-09-05 16:42:02,995 - Velocimacro : Default library not found.
2019-09-05 16:42:02,995 - Velocimacro : allowInline = true : VMs can be defined inline in templates
2019-09-05 16:42:02,995 - Velocimacro : allowInlineToOverride = false : VMs defined inline may NOT replace previous VM definitions
2019-09-05 16:42:02,995 - Velocimacro : allowInlineLocal = false : VMs defined inline will be global in scope if allowed.
2019-09-05 16:42:02,995 - Velocimacro : autoload off : VM system will not automatically reload global library macros
2019-09-05 16:42:03,008 - ResourceManager : found pom.xml.vm with loader org.apache.velocity.runtime.resource.loader.FileResourceLoader
2019-09-05 16:42:03,013 - ResourceManager : found application.properties.vm with loader org.apache.velocity.runtime.resource.loader.FileResourceLoader
2019-09-05 16:42:03,013 - ResourceManager : found SpringBootStartApplication.java.vm with loader org.apache.velocity.runtime.resource.loader.FileResourceLoader
2019-09-05 16:42:03,014 - ResourceManager : found TomcatStartApplication.java.vm with loader org.apache.velocity.runtime.resource.loader.FileResourceLoader
2019-09-05 16:42:03,015 - ResourceManager : found MybatisConf.java.vm with loader org.apache.velocity.runtime.resource.loader.FileResourceLoader
2019-09-05 16:42:03,022 - ResourceManager : found seq.sql.vm with loader org.apache.velocity.runtime.resource.loader.FileResourceLoader
2019-09-05 16:42:03,023 - Left side ($dbtype) of '==' operation has null value. If it is a reference, it may not be in the context or its toString() returned null. pom.xml.vm[line 47, column 15]
2019-09-05 16:42:03,032 - Log4JLogChute initialized using file 'velocity.log'
2019-09-05 16:42:03,032 - Initializing Velocity, Calling init()...
2019-09-05 16:42:03,032 - Starting Apache Velocity v1.7 (compiled: 2010-11-19 12:14:37)
2019-09-05 16:42:03,032 - Default Properties File: org\apache\velocity\runtime\defaults\velocity.properties
2019-09-05 16:42:03,032 - Trying to use logger class org.apache.velocity.runtime.log.AvalonLogChute
2019-09-05 16:42:03,032 - Target log system for org.apache.velocity.runtime.log.AvalonLogChute is not available (java.lang.NoClassDefFoundError: org/apache/log/format/Formatter).  Falling back to next log system...
2019-09-05 16:42:03,032 - Trying to use logger class org.apache.velocity.runtime.log.Log4JLogChute
2019-09-05 16:42:03,032 - Using logger class org.apache.velocity.runtime.log.Log4JLogChute
2019-09-05 16:42:03,032 - ResourceLoader instantiated: org.apache.velocity.runtime.resource.loader.FileResourceLoader
2019-09-05 16:42:03,032 - Do unicode file recognition:  false
2019-09-05 16:42:03,032 - FileResourceLoader : adding path 'D:\work\workspace\GIT\demo\java\ExportSpringBootProj\src\template\t2'
2019-09-05 16:42:03,032 - ResourceCache: initialized (class org.apache.velocity.runtime.resource.ResourceCacheImpl) with class java.util.Collections$SynchronizedMap cache map.
2019-09-05 16:42:03,033 - Loaded System Directive: org.apache.velocity.runtime.directive.Stop
2019-09-05 16:42:03,033 - Loaded System Directive: org.apache.velocity.runtime.directive.Define
2019-09-05 16:42:03,033 - Loaded System Directive: org.apache.velocity.runtime.directive.Break
2019-09-05 16:42:03,033 - Loaded System Directive: org.apache.velocity.runtime.directive.Evaluate
2019-09-05 16:42:03,033 - Loaded System Directive: org.apache.velocity.runtime.directive.Literal
2019-09-05 16:42:03,033 - Loaded System Directive: org.apache.velocity.runtime.directive.Macro
2019-09-05 16:42:03,033 - Loaded System Directive: org.apache.velocity.runtime.directive.Parse
2019-09-05 16:42:03,033 - Loaded System Directive: org.apache.velocity.runtime.directive.Include
2019-09-05 16:42:03,033 - Loaded System Directive: org.apache.velocity.runtime.directive.Foreach
2019-09-05 16:42:03,034 - Created '20' parsers.
2019-09-05 16:42:03,034 - Velocimacro : "velocimacro.library" is not set.  Trying default library: VM_global_library.vm
2019-09-05 16:42:03,034 - Velocimacro : Default library not found.
2019-09-05 16:42:03,034 - Velocimacro : allowInline = true : VMs can be defined inline in templates
2019-09-05 16:42:03,034 - Velocimacro : allowInlineToOverride = false : VMs defined inline may NOT replace previous VM definitions
2019-09-05 16:42:03,034 - Velocimacro : allowInlineLocal = false : VMs defined inline will be global in scope if allowed.
2019-09-05 16:42:03,034 - Velocimacro : autoload off : VM system will not automatically reload global library macros
2019-09-05 16:42:03,083 - ResourceManager : found dao.xml.vm with loader org.apache.velocity.runtime.resource.loader.FileResourceLoader
2019-09-05 16:42:03,095 - ResourceManager : found dao.java.vm with loader org.apache.velocity.runtime.resource.loader.FileResourceLoader
2019-09-05 16:42:03,103 - ResourceManager : found entity.vm with loader org.apache.velocity.runtime.resource.loader.FileResourceLoader
2019-09-05 16:42:03,125 - ResourceManager : found service.vm with loader org.apache.velocity.runtime.resource.loader.FileResourceLoader
2019-09-05 16:42:03,147 - ResourceManager : found endpoint.vm with loader org.apache.velocity.runtime.resource.loader.FileResourceLoader
2019-09-05 16:42:03,148 - Null reference [template 'dao.xml.vm', line 8, column 57] : ${attr.dbtype} cannot be resolved.
2019-09-05 16:42:03,148 - Null reference [template 'dao.xml.vm', line 8, column 57] : ${attr.dbtype} cannot be resolved.
2019-09-05 16:42:03,154 - Null reference [template 'dao.xml.vm', line 23, column 76] : ${attr.dbtype} cannot be resolved.
2019-09-05 16:42:03,154 - Null reference [template 'dao.xml.vm', line 23, column 76] : ${attr.dbtype} cannot be resolved.
2019-09-05 16:42:03,154 - Null reference [template 'dao.xml.vm', line 38, column 76] : ${attr.dbtype} cannot be resolved.
2019-09-05 16:42:03,154 - Null reference [template 'dao.xml.vm', line 38, column 76] : ${attr.dbtype} cannot be resolved.
2019-09-05 16:42:03,155 - Left side (${attr.javatype}) of '==' operation has null value. If it is a reference, it may not be in the context or its toString() returned null. dao.xml.vm[line 43, column 103]
2019-09-05 16:42:03,155 - Left side (${attr.javatype}) of '==' operation has null value. If it is a reference, it may not be in the context or its toString() returned null. dao.xml.vm[line 43, column 103]
2019-09-05 16:42:03,155 - Null reference [template 'dao.xml.vm', line 49, column 43] : ${sort} cannot be resolved.
2019-09-05 16:42:03,155 - Null reference [template 'dao.xml.vm', line 75, column 57] : ${attr.dbtype} cannot be resolved.
2019-09-05 16:42:03,155 - Null reference [template 'dao.xml.vm', line 75, column 57] : ${attr.dbtype} cannot be resolved.
2019-09-05 16:42:03,155 - Null reference [template 'dao.xml.vm', line 102, column 76] : ${attr.dbtype} cannot be resolved.
2019-09-05 16:42:03,155 - Null reference [template 'dao.xml.vm', line 102, column 76] : ${attr.dbtype} cannot be resolved.
2019-09-05 16:42:03,156 - Null reference [template 'dao.xml.vm', line 115, column 80] : ${attr.dbtype} cannot be resolved.
2019-09-05 16:42:03,156 - Null reference [template 'dao.xml.vm', line 115, column 80] : ${attr.dbtype} cannot be resolved.
2019-09-05 16:42:03,157 - Null reference [template 'entity.vm', line 9, column 17] : ${attr.javatype} cannot be resolved.
2019-09-05 16:42:03,157 - Null reference [template 'entity.vm', line 9, column 17] : ${attr.javatype} cannot be resolved.
2019-09-05 16:42:03,157 - Null reference [template 'entity.vm', line 17, column 16] : ${attr.javatype} cannot be resolved.
2019-09-05 16:42:03,157 - Null reference [template 'entity.vm', line 17, column 36] : ${attr.nameupper} cannot be resolved.
2019-09-05 16:42:03,158 - Null reference [template 'entity.vm', line 20, column 24] : ${attr.nameupper} cannot be resolved.
2019-09-05 16:42:03,158 - Null reference [template 'entity.vm', line 20, column 42] : ${attr.javatype} cannot be resolved.
2019-09-05 16:42:03,158 - Null reference [template 'entity.vm', line 17, column 16] : ${attr.javatype} cannot be resolved.
2019-09-05 16:42:03,158 - Null reference [template 'entity.vm', line 17, column 36] : ${attr.nameupper} cannot be resolved.
2019-09-05 16:42:03,158 - Null reference [template 'entity.vm', line 20, column 24] : ${attr.nameupper} cannot be resolved.
2019-09-05 16:42:03,158 - Null reference [template 'entity.vm', line 20, column 42] : ${attr.javatype} cannot be resolved.
2019-09-05 16:42:03,161 - Log4JLogChute initialized using file 'velocity.log'
2019-09-05 16:42:03,161 - Initializing Velocity, Calling init()...
2019-09-05 16:42:03,161 - Starting Apache Velocity v1.7 (compiled: 2010-11-19 12:14:37)
2019-09-05 16:42:03,161 - Default Properties File: org\apache\velocity\runtime\defaults\velocity.properties
2019-09-05 16:42:03,161 - Trying to use logger class org.apache.velocity.runtime.log.AvalonLogChute
2019-09-05 16:42:03,161 - Target log system for org.apache.velocity.runtime.log.AvalonLogChute is not available (java.lang.NoClassDefFoundError: org/apache/log/format/Formatter).  Falling back to next log system...
2019-09-05 16:42:03,162 - Trying to use logger class org.apache.velocity.runtime.log.Log4JLogChute
2019-09-05 16:42:03,162 - Using logger class org.apache.velocity.runtime.log.Log4JLogChute
2019-09-05 16:42:03,162 - ResourceLoader instantiated: org.apache.velocity.runtime.resource.loader.FileResourceLoader
2019-09-05 16:42:03,162 - Do unicode file recognition:  false
2019-09-05 16:42:03,162 - FileResourceLoader : adding path 'D:\work\workspace\GIT\demo\java\ExportSpringBootProj\src\template\t2\view'
2019-09-05 16:42:03,162 - ResourceCache: initialized (class org.apache.velocity.runtime.resource.ResourceCacheImpl) with class java.util.Collections$SynchronizedMap cache map.
2019-09-05 16:42:03,162 - Loaded System Directive: org.apache.velocity.runtime.directive.Stop
2019-09-05 16:42:03,162 - Loaded System Directive: org.apache.velocity.runtime.directive.Define
2019-09-05 16:42:03,162 - Loaded System Directive: org.apache.velocity.runtime.directive.Break
2019-09-05 16:42:03,162 - Loaded System Directive: org.apache.velocity.runtime.directive.Evaluate
2019-09-05 16:42:03,162 - Loaded System Directive: org.apache.velocity.runtime.directive.Literal
2019-09-05 16:42:03,162 - Loaded System Directive: org.apache.velocity.runtime.directive.Macro
2019-09-05 16:42:03,162 - Loaded System Directive: org.apache.velocity.runtime.directive.Parse
2019-09-05 16:42:03,162 - Loaded System Directive: org.apache.velocity.runtime.directive.Include
2019-09-05 16:42:03,163 - Loaded System Directive: org.apache.velocity.runtime.directive.Foreach
2019-09-05 16:42:03,164 - Created '20' parsers.
2019-09-05 16:42:03,164 - Velocimacro : "velocimacro.library" is not set.  Trying default library: VM_global_library.vm
2019-09-05 16:42:03,164 - Velocimacro : Default library not found.
2019-09-05 16:42:03,164 - Velocimacro : allowInline = true : VMs can be defined inline in templates
2019-09-05 16:42:03,164 - Velocimacro : allowInlineToOverride = false : VMs defined inline may NOT replace previous VM definitions
2019-09-05 16:42:03,164 - Velocimacro : allowInlineLocal = false : VMs defined inline will be global in scope if allowed.
2019-09-05 16:42:03,164 - Velocimacro : autoload off : VM system will not automatically reload global library macros
2019-09-05 16:42:03,172 - ResourceManager : found data.js.vm with loader org.apache.velocity.runtime.resource.loader.FileResourceLoader
2019-09-05 16:42:03,179 - ResourceManager : found detail.html.vm with loader org.apache.velocity.runtime.resource.loader.FileResourceLoader
2019-09-05 16:42:03,196 - ResourceManager : found detail.js.vm with loader org.apache.velocity.runtime.resource.loader.FileResourceLoader
2019-09-05 16:42:03,198 - ResourceManager : found list.html.vm with loader org.apache.velocity.runtime.resource.loader.FileResourceLoader
2019-09-05 16:42:03,202 - ResourceManager : found list.js.vm with loader org.apache.velocity.runtime.resource.loader.FileResourceLoader
m Directive: org.apache.velocity.runtime.directive.Evaluate
2019-09-05 16:42:03,162 - Loaded System Directive: org.apache.velocity.runtime.directive.Literal
2019-09-05 16:42:03,162 - Loaded System Directive: org.apache.velocity.runtime.directive.Literal
2019-09-05 16:42:03,162 - Loaded System Directive: org.apache.velocity.runtime.directive.Macro
2019-09-05 16:42:03,162 - Loaded System Directive: org.apache.velocity.runtime.directive.Macro
2019-09-05 16:42:03,162 - Loaded System Directive: org.apache.velocity.runtime.directive.Parse
2019-09-05 16:42:03,162 - Loaded System Directive: org.apache.velocity.runtime.directive.Parse
2019-09-05 16:42:03,162 - Loaded System Directive: org.apache.velocity.runtime.directive.Include
2019-09-05 16:42:03,162 - Loaded System Directive: org.apache.velocity.runtime.directive.Include
2019-09-05 16:42:03,163 - Loaded System Directive: org.apache.velocity.runtime.directive.Foreach
2019-09-05 16:42:03,163 - Loaded System Directive: org.apache.velocity.runtime.directive.Foreach
2019-09-05 16:42:03,164 - Created '20' parsers.
2019-09-05 16:42:03,164 - Created '20' parsers.
2019-09-05 16:42:03,164 - Velocimacro : "velocimacro.library" is not set.  Trying default library: VM_global_library.vm
2019-09-05 16:42:03,164 - Velocimacro : "velocimacro.library" is not set.  Trying default library: VM_global_library.vm
2019-09-05 16:42:03,164 - Velocimacro : Default library not found.
2019-09-05 16:42:03,164 - Velocimacro : Default library not found.
2019-09-05 16:42:03,164 - Velocimacro : allowInline = true : VMs can be defined inline in templates
2019-09-05 16:42:03,164 - Velocimacro : allowInline = true : VMs can be defined inline in templates
2019-09-05 16:42:03,164 - Velocimacro : allowInlineToOverride = false : VMs defined inline may NOT replace previous VM definitions
2019-09-05 16:42:03,164 - Velocimacro : allowInlineToOverride = false : VMs defined inline may NOT replace previous VM definitions
2019-09-05 16:42:03,164 - Velocimacro : allowInlineLocal = false : VMs defined inline will be global in scope if allowed.
2019-09-05 16:42:03,164 - Velocimacro : allowInlineLocal = false : VMs defined inline will be global in scope if allowed.
2019-09-05 16:42:03,164 - Velocimacro : autoload off : VM system will not automatically reload global library macros
2019-09-05 16:42:03,164 - Velocimacro : autoload off : VM system will not automatically reload global library macros
2019-09-05 16:42:03,172 - ResourceManager : found data.js.vm with loader org.apache.velocity.runtime.resource.loader.FileResourceLoader
2019-09-05 16:42:03,172 - ResourceManager : found data.js.vm with loader org.apache.velocity.runtime.resource.loader.FileResourceLoader
2019-09-05 16:42:03,179 - ResourceManager : found detail.html.vm with loader org.apache.velocity.runtime.resource.loader.FileResourceLoader
2019-09-05 16:42:03,179 - ResourceManager : found detail.html.vm with loader org.apache.velocity.runtime.resource.loader.FileResourceLoader
2019-09-05 16:42:03,196 - ResourceManager : found detail.js.vm with loader org.apache.velocity.runtime.resource.loader.FileResourceLoader
2019-09-05 16:42:03,196 - ResourceManager : found detail.js.vm with loader org.apache.velocity.runtime.resource.loader.FileResourceLoader
2019-09-05 16:42:03,198 - ResourceManager : found list.html.vm with loader org.apache.velocity.runtime.resource.loader.FileResourceLoader
2019-09-05 16:42:03,198 - ResourceManager : found list.html.vm with loader org.apache.velocity.runtime.resource.loader.FileResourceLoader
2019-09-05 16:42:03,202 - ResourceManager : found list.js.vm with loader org.apache.velocity.runtime.resource.loader.FileResourceLoader
2019-09-05 16:42:03,202 - ResourceManager : found list.js.vm with loader org.apache.velocity.runtime.resource.loader.FileResourceLoader
2019-09-05 16:44:31,847 - Log4JLogChute initialized using file 'velocity.log'
2019-09-05 16:44:31,848 - Initializing Velocity, Calling init()...
2019-09-05 16:44:31,848 - Starting Apache Velocity v1.7 (compiled: 2010-11-19 12:14:37)
2019-09-05 16:44:31,848 - Default Properties File: org\apache\velocity\runtime\defaults\velocity.properties
2019-09-05 16:44:31,848 - Trying to use logger class org.apache.velocity.runtime.log.AvalonLogChute
2019-09-05 16:44:31,848 - Target log system for org.apache.velocity.runtime.log.AvalonLogChute is not available (java.lang.NoClassDefFoundError: org/apache/log/format/Formatter).  Falling back to next log system...
2019-09-05 16:44:31,848 - Trying to use logger class org.apache.velocity.runtime.log.Log4JLogChute
2019-09-05 16:44:31,848 - Using logger class org.apache.velocity.runtime.log.Log4JLogChute
2019-09-05 16:44:31,851 - ResourceLoader instantiated: org.apache.velocity.runtime.resource.loader.FileResourceLoader
2019-09-05 16:44:31,851 - Do unicode file recognition:  false
2019-09-05 16:44:31,851 - FileResourceLoader : adding path 'D:\work\workspace\GIT\demo\java\ExportSpringBootProj\src\template\t2'
2019-09-05 16:44:31,858 - ResourceCache: initialized (class org.apache.velocity.runtime.resource.ResourceCacheImpl) with class java.util.Collections$SynchronizedMap cache map.
2019-09-05 16:44:31,859 - Loaded System Directive: org.apache.velocity.runtime.directive.Stop
2019-09-05 16:44:31,860 - Loaded System Directive: org.apache.velocity.runtime.directive.Define
2019-09-05 16:44:31,860 - Loaded System Directive: org.apache.velocity.runtime.directive.Break
2019-09-05 16:44:31,861 - Loaded System Directive: org.apache.velocity.runtime.directive.Evaluate
2019-09-05 16:44:31,861 - Loaded System Directive: org.apache.velocity.runtime.directive.Literal
2019-09-05 16:44:31,862 - Loaded System Directive: org.apache.velocity.runtime.directive.Macro
2019-09-05 16:44:31,862 - Loaded System Directive: org.apache.velocity.runtime.directive.Parse
2019-09-05 16:44:31,863 - Loaded System Directive: org.apache.velocity.runtime.directive.Include
2019-09-05 16:44:31,864 - Loaded System Directive: org.apache.velocity.runtime.directive.Foreach
2019-09-05 16:44:31,882 - Created '20' parsers.
2019-09-05 16:44:31,885 - Velocimacro : "velocimacro.library" is not set.  Trying default library: VM_global_library.vm
2019-09-05 16:44:31,885 - Velocimacro : Default library not found.
2019-09-05 16:44:31,885 - Velocimacro : allowInline = true : VMs can be defined inline in templates
2019-09-05 16:44:31,885 - Velocimacro : allowInlineToOverride = false : VMs defined inline may NOT replace previous VM definitions
2019-09-05 16:44:31,885 - Velocimacro : allowInlineLocal = false : VMs defined inline will be global in scope if allowed.
2019-09-05 16:44:31,885 - Velocimacro : autoload off : VM system will not automatically reload global library macros
2019-09-05 16:44:31,896 - ResourceManager : found pom.xml.vm with loader org.apache.velocity.runtime.resource.loader.FileResourceLoader
2019-09-05 16:44:31,902 - ResourceManager : found application.properties.vm with loader org.apache.velocity.runtime.resource.loader.FileResourceLoader
2019-09-05 16:44:31,903 - ResourceManager : found SpringBootStartApplication.java.vm with loader org.apache.velocity.runtime.resource.loader.FileResourceLoader
2019-09-05 16:44:31,904 - ResourceManager : found TomcatStartApplication.java.vm with loader org.apache.velocity.runtime.resource.loader.FileResourceLoader
2019-09-05 16:44:31,905 - ResourceManager : found MybatisConf.java.vm with loader org.apache.velocity.runtime.resource.loader.FileResourceLoader
2019-09-05 16:44:31,911 - ResourceManager : found seq.sql.vm with loader org.apache.velocity.runtime.resource.loader.FileResourceLoader
2019-09-05 16:44:31,913 - Left side ($dbtype) of '==' operation has null value. If it is a reference, it may not be in the context or its toString() returned null. pom.xml.vm[line 47, column 15]
2019-09-05 16:44:31,921 - Log4JLogChute initialized using file 'velocity.log'
2019-09-05 16:44:31,921 - Log4JLogChute initialized using file 'velocity.log'
2019-09-05 16:44:31,921 - Initializing Velocity, Calling init()...
2019-09-05 16:44:31,921 - Initializing Velocity, Calling init()...
2019-09-05 16:44:31,921 - Starting Apache Velocity v1.7 (compiled: 2010-11-19 12:14:37)
2019-09-05 16:44:31,921 - Starting Apache Velocity v1.7 (compiled: 2010-11-19 12:14:37)
2019-09-05 16:44:31,921 - Default Properties File: org\apache\velocity\runtime\defaults\velocity.properties
2019-09-05 16:44:31,921 - Default Properties File: org\apache\velocity\runtime\defaults\velocity.properties
2019-09-05 16:44:31,921 - Trying to use logger class org.apache.velocity.runtime.log.AvalonLogChute
2019-09-05 16:44:31,921 - Trying to use logger class org.apache.velocity.runtime.log.AvalonLogChute
2019-09-05 16:44:31,921 - Target log system for org.apache.velocity.runtime.log.AvalonLogChute is not available (java.lang.NoClassDefFoundError: org/apache/log/format/Formatter).  Falling back to next log system...
2019-09-05 16:44:31,921 - Target log system for org.apache.velocity.runtime.log.AvalonLogChute is not available (java.lang.NoClassDefFoundError: org/apache/log/format/Formatter).  Falling back to next log system...
2019-09-05 16:44:31,921 - Trying to use logger class org.apache.velocity.runtime.log.Log4JLogChute
2019-09-05 16:44:31,921 - Trying to use logger class org.apache.velocity.runtime.log.Log4JLogChute
2019-09-05 16:44:31,921 - Using logger class org.apache.velocity.runtime.log.Log4JLogChute
2019-09-05 16:44:31,921 - Using logger class org.apache.velocity.runtime.log.Log4JLogChute
2019-09-05 16:44:31,921 - ResourceLoader instantiated: org.apache.velocity.runtime.resource.loader.FileResourceLoader
2019-09-05 16:44:31,921 - ResourceLoader instantiated: org.apache.velocity.runtime.resource.loader.FileResourceLoader
2019-09-05 16:44:31,921 - Do unicode file recognition:  false
2019-09-05 16:44:31,921 - Do unicode file recognition:  false
2019-09-05 16:44:31,921 - FileResourceLoader : adding path 'D:\work\workspace\GIT\demo\java\ExportSpringBootProj\src\template\t2'
2019-09-05 16:44:31,921 - FileResourceLoader : adding path 'D:\work\workspace\GIT\demo\java\ExportSpringBootProj\src\template\t2'
2019-09-05 16:44:31,921 - ResourceCache: initialized (class org.apache.velocity.runtime.resource.ResourceCacheImpl) with class java.util.Collections$SynchronizedMap cache map.
2019-09-05 16:44:31,921 - ResourceCache: initialized (class org.apache.velocity.runtime.resource.ResourceCacheImpl) with class java.util.Collections$SynchronizedMap cache map.
2019-09-05 16:44:31,921 - Loaded System Directive: org.apache.velocity.runtime.directive.Stop
2019-09-05 16:44:31,921 - Loaded System Directive: org.apache.velocity.runtime.directive.Stop
2019-09-05 16:44:31,922 - Loaded System Directive: org.apache.velocity.runtime.directive.Define
2019-09-05 16:44:31,922 - Loaded System Directive: org.apache.velocity.runtime.directive.Define
2019-09-05 16:44:31,922 - Loaded System Directive: org.apache.velocity.runtime.directive.Break
2019-09-05 16:44:31,922 - Loaded System Directive: org.apache.velocity.runtime.directive.Break
2019-09-05 16:44:31,922 - Loaded System Directive: org.apache.velocity.runtime.directive.Evaluate
2019-09-05 16:44:31,922 - Loaded System Directive: org.apache.velocity.runtime.directive.Evaluate
2019-09-05 16:44:31,922 - Loaded System Directive: org.apache.velocity.runtime.directive.Literal
2019-09-05 16:44:31,922 - Loaded System Directive: org.apache.velocity.runtime.directive.Literal
2019-09-05 16:44:31,922 - Loaded System Directive: org.apache.velocity.runtime.directive.Macro
2019-09-05 16:44:31,922 - Loaded System Directive: org.apache.velocity.runtime.directive.Macro
2019-09-05 16:44:31,922 - Loaded System Directive: org.apache.velocity.runtime.directive.Parse
2019-09-05 16:44:31,922 - Loaded System Directive: org.apache.velocity.runtime.directive.Parse
2019-09-05 16:44:31,922 - Loaded System Directive: org.apache.velocity.runtime.directive.Include
2019-09-05 16:44:31,922 - Loaded System Directive: org.apache.velocity.runtime.directive.Include
2019-09-05 16:44:31,922 - Loaded System Directive: org.apache.velocity.runtime.directive.Foreach
2019-09-05 16:44:31,922 - Loaded System Directive: org.apache.velocity.runtime.directive.Foreach
2019-09-05 16:44:31,923 - Created '20' parsers.
2019-09-05 16:44:31,923 - Created '20' parsers.
2019-09-05 16:44:31,923 - Velocimacro : "velocimacro.library" is not set.  Trying default library: VM_global_library.vm
2019-09-05 16:44:31,923 - Velocimacro : "velocimacro.library" is not set.  Trying default library: VM_global_library.vm
2019-09-05 16:44:31,923 - Velocimacro : Default library not found.
2019-09-05 16:44:31,923 - Velocimacro : Default library not found.
2019-09-05 16:44:31,923 - Velocimacro : allowInline = true : VMs can be defined inline in templates
2019-09-05 16:44:31,923 - Velocimacro : allowInline = true : VMs can be defined inline in templates
2019-09-05 16:44:31,923 - Velocimacro : allowInlineToOverride = false : VMs defined inline may NOT replace previous VM definitions
2019-09-05 16:44:31,923 - Velocimacro : allowInlineToOverride = false : VMs defined inline may NOT replace previous VM definitions
2019-09-05 16:44:31,923 - Velocimacro : allowInlineLocal = false : VMs defined inline will be global in scope if allowed.
2019-09-05 16:44:31,923 - Velocimacro : allowInlineLocal = false : VMs defined inline will be global in scope if allowed.
2019-09-05 16:44:31,923 - Velocimacro : autoload off : VM system will not automatically reload global library macros
2019-09-05 16:44:31,923 - Velocimacro : autoload off : VM system will not automatically reload global library macros
2019-09-05 16:44:31,969 - ResourceManager : found dao.xml.vm with loader org.apache.velocity.runtime.resource.loader.FileResourceLoader
2019-09-05 16:44:31,969 - ResourceManager : found dao.xml.vm with loader org.apache.velocity.runtime.resource.loader.FileResourceLoader
2019-09-05 16:44:31,981 - ResourceManager : found dao.java.vm with loader org.apache.velocity.runtime.resource.loader.FileResourceLoader
2019-09-05 16:44:31,981 - ResourceManager : found dao.java.vm with loader org.apache.velocity.runtime.resource.loader.FileResourceLoader
2019-09-05 16:44:31,989 - ResourceManager : found entity.vm with loader org.apache.velocity.runtime.resource.loader.FileResourceLoader
2019-09-05 16:44:31,989 - ResourceManager : found entity.vm with loader org.apache.velocity.runtime.resource.loader.FileResourceLoader
2019-09-05 16:44:32,011 - ResourceManager : found service.vm with loader org.apache.velocity.runtime.resource.loader.FileResourceLoader
2019-09-05 16:44:32,011 - ResourceManager : found service.vm with loader org.apache.velocity.runtime.resource.loader.FileResourceLoader
2019-09-05 16:44:32,032 - ResourceManager : found endpoint.vm with loader org.apache.velocity.runtime.resource.loader.FileResourceLoader
2019-09-05 16:44:32,032 - ResourceManager : found endpoint.vm with loader org.apache.velocity.runtime.resource.loader.FileResourceLoader
2019-09-05 16:44:32,033 - Null reference [template 'dao.xml.vm', line 8, column 57] : ${attr.dbtype} cannot be resolved.
2019-09-05 16:44:32,033 - Null reference [template 'dao.xml.vm', line 8, column 57] : ${attr.dbtype} cannot be resolved.
2019-09-05 16:44:32,033 - Null reference [template 'dao.xml.vm', line 8, column 57] : ${attr.dbtype} cannot be resolved.
2019-09-05 16:44:32,033 - Null reference [template 'dao.xml.vm', line 8, column 57] : ${attr.dbtype} cannot be resolved.
2019-09-05 16:44:32,039 - Null reference [template 'dao.xml.vm', line 23, column 76] : ${attr.dbtype} cannot be resolved.
2019-09-05 16:44:32,039 - Null reference [template 'dao.xml.vm', line 23, column 76] : ${attr.dbtype} cannot be resolved.
2019-09-05 16:44:32,039 - Null reference [template 'dao.xml.vm', line 23, column 76] : ${attr.dbtype} cannot be resolved.
2019-09-05 16:44:32,039 - Null reference [template 'dao.xml.vm', line 23, column 76] : ${attr.dbtype} cannot be resolved.
2019-09-05 16:44:32,040 - Null reference [template 'dao.xml.vm', line 38, column 76] : ${attr.dbtype} cannot be resolved.
2019-09-05 16:44:32,040 - Null reference [template 'dao.xml.vm', line 38, column 76] : ${attr.dbtype} cannot be resolved.
2019-09-05 16:44:32,040 - Null reference [template 'dao.xml.vm', line 38, column 76] : ${attr.dbtype} cannot be resolved.
2019-09-05 16:44:32,040 - Null reference [template 'dao.xml.vm', line 38, column 76] : ${attr.dbtype} cannot be resolved.
2019-09-05 16:44:32,040 - Left side (${attr.javatype}) of '==' operation has null value. If it is a reference, it may not be in the context or its toString() returned null. dao.xml.vm[line 43, column 103]
2019-09-05 16:44:32,040 - Left side (${attr.javatype}) of '==' operation has null value. If it is a reference, it may not be in the context or its toString() returned null. dao.xml.vm[line 43, column 103]
2019-09-05 16:44:32,040 - Left side (${attr.javatype}) of '==' operation has null value. If it is a reference, it may not be in the context or its toString() returned null. dao.xml.vm[line 43, column 103]
2019-09-05 16:44:32,040 - Left side (${attr.javatype}) of '==' operation has null value. If it is a reference, it may not be in the context or its toString() returned null. dao.xml.vm[line 43, column 103]
2019-09-05 16:44:32,040 - Null reference [template 'dao.xml.vm', line 49, column 43] : ${sort} cannot be resolved.
2019-09-05 16:44:32,040 - Null reference [template 'dao.xml.vm', line 49, column 43] : ${sort} cannot be resolved.
2019-09-05 16:44:32,041 - Null reference [template 'dao.xml.vm', line 75, column 57] : ${attr.dbtype} cannot be resolved.
2019-09-05 16:44:32,041 - Null reference [template 'dao.xml.vm', line 75, column 57] : ${attr.dbtype} cannot be resolved.
2019-09-05 16:44:32,041 - Null reference [template 'dao.xml.vm', line 75, column 57] : ${attr.dbtype} cannot be resolved.
2019-09-05 16:44:32,041 - Null reference [template 'dao.xml.vm', line 75, column 57] : ${attr.dbtype} cannot be resolved.
2019-09-05 16:44:32,041 - Null reference [template 'dao.xml.vm', line 102, column 76] : ${attr.dbtype} cannot be resolved.
2019-09-05 16:44:32,041 - Null reference [template 'dao.xml.vm', line 102, column 76] : ${attr.dbtype} cannot be resolved.
2019-09-05 16:44:32,041 - Null reference [template 'dao.xml.vm', line 102, column 76] : ${attr.dbtype} cannot be resolved.
2019-09-05 16:44:32,041 - Null reference [template 'dao.xml.vm', line 102, column 76] : ${attr.dbtype} cannot be resolved.
2019-09-05 16:44:32,041 - Null reference [template 'dao.xml.vm', line 115, column 80] : ${attr.dbtype} cannot be resolved.
2019-09-05 16:44:32,041 - Null reference [template 'dao.xml.vm', line 115, column 80] : ${attr.dbtype} cannot be resolved.
2019-09-05 16:44:32,041 - Null reference [template 'dao.xml.vm', line 115, column 80] : ${attr.dbtype} cannot be resolved.
2019-09-05 16:44:32,041 - Null reference [template 'dao.xml.vm', line 115, column 80] : ${attr.dbtype} cannot be resolved.
2019-09-05 16:44:32,043 - Null reference [template 'entity.vm', line 9, column 17] : ${attr.javatype} cannot be resolved.
2019-09-05 16:44:32,043 - Null reference [template 'entity.vm', line 9, column 17] : ${attr.javatype} cannot be resolved.
2019-09-05 16:44:32,043 - Null reference [template 'entity.vm', line 9, column 17] : ${attr.javatype} cannot be resolved.
2019-09-05 16:44:32,043 - Null reference [template 'entity.vm', line 9, column 17] : ${attr.javatype} cannot be resolved.
2019-09-05 16:44:32,043 - Null reference [template 'entity.vm', line 17, column 16] : ${attr.javatype} cannot be resolved.
2019-09-05 16:44:32,043 - Null reference [template 'entity.vm', line 17, column 16] : ${attr.javatype} cannot be resolved.
2019-09-05 16:44:32,043 - Null reference [template 'entity.vm', line 17, column 36] : ${attr.nameupper} cannot be resolved.
2019-09-05 16:44:32,043 - Null reference [template 'entity.vm', line 17, column 36] : ${attr.nameupper} cannot be resolved.
2019-09-05 16:44:32,043 - Null reference [template 'entity.vm', line 20, column 24] : ${attr.nameupper} cannot be resolved.
2019-09-05 16:44:32,043 - Null reference [template 'entity.vm', line 20, column 24] : ${attr.nameupper} cannot be resolved.
2019-09-05 16:44:32,043 - Null reference [template 'entity.vm', line 20, column 42] : ${attr.javatype} cannot be resolved.
2019-09-05 16:44:32,043 - Null reference [template 'entity.vm', line 20, column 42] : ${attr.javatype} cannot be resolved.
2019-09-05 16:44:32,043 - Null reference [template 'entity.vm', line 17, column 16] : ${attr.javatype} cannot be resolved.
2019-09-05 16:44:32,043 - Null reference [template 'entity.vm', line 17, column 16] : ${attr.javatype} cannot be resolved.
2019-09-05 16:44:32,043 - Null reference [template 'entity.vm', line 17, column 36] : ${attr.nameupper} cannot be resolved.
2019-09-05 16:44:32,043 - Null reference [template 'entity.vm', line 17, column 36] : ${attr.nameupper} cannot be resolved.
2019-09-05 16:44:32,043 - Null reference [template 'entity.vm', line 20, column 24] : ${attr.nameupper} cannot be resolved.
2019-09-05 16:44:32,043 - Null reference [template 'entity.vm', line 20, column 24] : ${attr.nameupper} cannot be resolved.
2019-09-05 16:44:32,043 - Null reference [template 'entity.vm', line 20, column 42] : ${attr.javatype} cannot be resolved.
2019-09-05 16:44:32,043 - Null reference [template 'entity.vm', line 20, column 42] : ${attr.javatype} cannot be resolved.
2019-09-05 16:44:32,046 - Log4JLogChute initialized using file 'velocity.log'
2019-09-05 16:44:32,046 - Log4JLogChute initialized using file 'velocity.log'
2019-09-05 16:44:32,046 - Log4JLogChute initialized using file 'velocity.log'
2019-09-05 16:44:32,046 - Initializing Velocity, Calling init()...
2019-09-05 16:44:32,046 - Initializing Velocity, Calling init()...
2019-09-05 16:44:32,046 - Initializing Velocity, Calling init()...
2019-09-05 16:44:32,047 - Starting Apache Velocity v1.7 (compiled: 2010-11-19 12:14:37)
2019-09-05 16:44:32,047 - Starting Apache Velocity v1.7 (compiled: 2010-11-19 12:14:37)
2019-09-05 16:44:32,047 - Starting Apache Velocity v1.7 (compiled: 2010-11-19 12:14:37)
2019-09-05 16:44:32,047 - Default Properties File: org\apache\velocity\runtime\defaults\velocity.properties
2019-09-05 16:44:32,047 - Default Properties File: org\apache\velocity\runtime\defaults\velocity.properties
2019-09-05 16:44:32,047 - Default Properties File: org\apache\velocity\runtime\defaults\velocity.properties
2019-09-05 16:44:32,047 - Trying to use logger class org.apache.velocity.runtime.log.AvalonLogChute
2019-09-05 16:44:32,047 - Trying to use logger class org.apache.velocity.runtime.log.AvalonLogChute
2019-09-05 16:44:32,047 - Trying to use logger class org.apache.velocity.runtime.log.AvalonLogChute
2019-09-05 16:44:32,047 - Target log system for org.apache.velocity.runtime.log.AvalonLogChute is not available (java.lang.NoClassDefFoundError: org/apache/log/format/Formatter).  Falling back to next log system...
2019-09-05 16:44:32,047 - Target log system for org.apache.velocity.runtime.log.AvalonLogChute is not available (java.lang.NoClassDefFoundError: org/apache/log/format/Formatter).  Falling back to next log system...
2019-09-05 16:44:32,047 - Target log system for org.apache.velocity.runtime.log.AvalonLogChute is not available (java.lang.NoClassDefFoundError: org/apache/log/format/Formatter).  Falling back to next log system...
2019-09-05 16:44:32,047 - Trying to use logger class org.apache.velocity.runtime.log.Log4JLogChute
2019-09-05 16:44:32,047 - Trying to use logger class org.apache.velocity.runtime.log.Log4JLogChute
2019-09-05 16:44:32,047 - Trying to use logger class org.apache.velocity.runtime.log.Log4JLogChute
2019-09-05 16:44:32,047 - Using logger class org.apache.velocity.runtime.log.Log4JLogChute
2019-09-05 16:44:32,047 - Using logger class org.apache.velocity.runtime.log.Log4JLogChute
2019-09-05 16:44:32,047 - Using logger class org.apache.velocity.runtime.log.Log4JLogChute
2019-09-05 16:44:32,047 - ResourceLoader instantiated: org.apache.velocity.runtime.resource.loader.FileResourceLoader
2019-09-05 16:44:32,047 - ResourceLoader instantiated: org.apache.velocity.runtime.resource.loader.FileResourceLoader
2019-09-05 16:44:32,047 - ResourceLoader instantiated: org.apache.velocity.runtime.resource.loader.FileResourceLoader
2019-09-05 16:44:32,047 - Do unicode file recognition:  false
2019-09-05 16:44:32,047 - Do unicode file recognition:  false
2019-09-05 16:44:32,047 - Do unicode file recognition:  false
2019-09-05 16:44:32,047 - FileResourceLoader : adding path 'D:\work\workspace\GIT\demo\java\ExportSpringBootProj\src\template\t2\view'
2019-09-05 16:44:32,047 - FileResourceLoader : adding path 'D:\work\workspace\GIT\demo\java\ExportSpringBootProj\src\template\t2\view'
2019-09-05 16:44:32,047 - FileResourceLoader : adding path 'D:\work\workspace\GIT\demo\java\ExportSpringBootProj\src\template\t2\view'
2019-09-05 16:44:32,047 - ResourceCache: initialized (class org.apache.velocity.runtime.resource.ResourceCacheImpl) with class java.util.Collections$SynchronizedMap cache map.
2019-09-05 16:44:32,047 - ResourceCache: initialized (class org.apache.velocity.runtime.resource.ResourceCacheImpl) with class java.util.Collections$SynchronizedMap cache map.
2019-09-05 16:44:32,047 - ResourceCache: initialized (class org.apache.velocity.runtime.resource.ResourceCacheImpl) with class java.util.Collections$SynchronizedMap cache map.
2019-09-05 16:44:32,047 - Loaded System Directive: org.apache.velocity.runtime.directive.Stop
2019-09-05 16:44:32,047 - Loaded System Directive: org.apache.velocity.runtime.directive.Stop
2019-09-05 16:44:32,047 - Loaded System Directive: org.apache.velocity.runtime.directive.Stop
2019-09-05 16:44:32,047 - Loaded System Directive: org.apache.velocity.runtime.directive.Define
2019-09-05 16:44:32,047 - Loaded System Directive: org.apache.velocity.runtime.directive.Define
2019-09-05 16:44:32,047 - Loaded System Directive: org.apache.velocity.runtime.directive.Define
2019-09-05 16:44:32,047 - Loaded System Directive: org.apache.velocity.runtime.directive.Break
2019-09-05 16:44:32,047 - Loaded System Directive: org.apache.velocity.runtime.directive.Break
2019-09-05 16:44:32,047 - Loaded System Directive: org.apache.velocity.runtime.directive.Break
2019-09-05 16:44:32,047 - Loaded System Directive: org.apache.velocity.runtime.directive.Evaluate
2019-09-05 16:44:32,047 - Loaded System Directive: org.apache.velocity.runtime.directive.Evaluate
2019-09-05 16:44:32,047 - Loaded System Directive: org.apache.velocity.runtime.directive.Evaluate
2019-09-05 16:44:32,047 - Loaded System Directive: org.apache.velocity.runtime.directive.Literal
2019-09-05 16:44:32,047 - Loaded System Directive: org.apache.velocity.runtime.directive.Literal
2019-09-05 16:44:32,047 - Loaded System Directive: org.apache.velocity.runtime.directive.Literal
2019-09-05 16:44:32,048 - Loaded System Directive: org.apache.velocity.runtime.directive.Macro
2019-09-05 16:44:32,048 - Loaded System Directive: org.apache.velocity.runtime.directive.Macro
2019-09-05 16:44:32,048 - Loaded System Directive: org.apache.velocity.runtime.directive.Macro
2019-09-05 16:44:32,048 - Loaded System Directive: org.apache.velocity.runtime.directive.Parse
2019-09-05 16:44:32,048 - Loaded System Directive: org.apache.velocity.runtime.directive.Parse
2019-09-05 16:44:32,048 - Loaded System Directive: org.apache.velocity.runtime.directive.Parse
2019-09-05 16:44:32,048 - Loaded System Directive: org.apache.velocity.runtime.directive.Include
2019-09-05 16:44:32,048 - Loaded System Directive: org.apache.velocity.runtime.directive.Include
2019-09-05 16:44:32,048 - Loaded System Directive: org.apache.velocity.runtime.directive.Include
2019-09-05 16:44:32,048 - Loaded System Directive: org.apache.velocity.runtime.directive.Foreach
2019-09-05 16:44:32,048 - Loaded System Directive: org.apache.velocity.runtime.directive.Foreach
2019-09-05 16:44:32,048 - Loaded System Directive: org.apache.velocity.runtime.directive.Foreach
2019-09-05 16:44:32,049 - Created '20' parsers.
2019-09-05 16:44:32,049 - Created '20' parsers.
2019-09-05 16:44:32,049 - Created '20' parsers.
2019-09-05 16:44:32,049 - Velocimacro : "velocimacro.library" is not set.  Trying default library: VM_global_library.vm
2019-09-05 16:44:32,049 - Velocimacro : "velocimacro.library" is not set.  Trying default library: VM_global_library.vm
2019-09-05 16:44:32,049 - Velocimacro : "velocimacro.library" is not set.  Trying default library: VM_global_library.vm
2019-09-05 16:44:32,049 - Velocimacro : Default library not found.
2019-09-05 16:44:32,049 - Velocimacro : Default library not found.
2019-09-05 16:44:32,049 - Velocimacro : Default library not found.
2019-09-05 16:44:32,049 - Velocimacro : allowInline = true : VMs can be defined inline in templates
2019-09-05 16:44:32,049 - Velocimacro : allowInline = true : VMs can be defined inline in templates
2019-09-05 16:44:32,049 - Velocimacro : allowInline = true : VMs can be defined inline in templates
2019-09-05 16:44:32,049 - Velocimacro : allowInlineToOverride = false : VMs defined inline may NOT replace previous VM definitions
2019-09-05 16:44:32,049 - Velocimacro : allowInlineToOverride = false : VMs defined inline may NOT replace previous VM definitions
2019-09-05 16:44:32,049 - Velocimacro : allowInlineToOverride = false : VMs defined inline may NOT replace previous VM definitions
2019-09-05 16:44:32,049 - Velocimacro : allowInlineLocal = false : VMs defined inline will be global in scope if allowed.
2019-09-05 16:44:32,049 - Velocimacro : allowInlineLocal = false : VMs defined inline will be global in scope if allowed.
2019-09-05 16:44:32,049 - Velocimacro : allowInlineLocal = false : VMs defined inline will be global in scope if allowed.
2019-09-05 16:44:32,049 - Velocimacro : autoload off : VM system will not automatically reload global library macros
2019-09-05 16:44:32,049 - Velocimacro : autoload off : VM system will not automatically reload global library macros
2019-09-05 16:44:32,049 - Velocimacro : autoload off : VM system will not automatically reload global library macros
2019-09-05 16:44:32,055 - ResourceManager : found data.js.vm with loader org.apache.velocity.runtime.resource.loader.FileResourceLoader
2019-09-05 16:44:32,055 - ResourceManager : found data.js.vm with loader org.apache.velocity.runtime.resource.loader.FileResourceLoader
2019-09-05 16:44:32,055 - ResourceManager : found data.js.vm with loader org.apache.velocity.runtime.resource.loader.FileResourceLoader
2019-09-05 16:44:32,062 - ResourceManager : found detail.html.vm with loader org.apache.velocity.runtime.resource.loader.FileResourceLoader
2019-09-05 16:44:32,062 - ResourceManager : found detail.html.vm with loader org.apache.velocity.runtime.resource.loader.FileResourceLoader
2019-09-05 16:44:32,062 - ResourceManager : found detail.html.vm with loader org.apache.velocity.runtime.resource.loader.FileResourceLoader
2019-09-05 16:44:32,079 - ResourceManager : found detail.js.vm with loader org.apache.velocity.runtime.resource.loader.FileResourceLoader
2019-09-05 16:44:32,079 - ResourceManager : found detail.js.vm with loader org.apache.velocity.runtime.resource.loader.FileResourceLoader
2019-09-05 16:44:32,079 - ResourceManager : found detail.js.vm with loader org.apache.velocity.runtime.resource.loader.FileResourceLoader
2019-09-05 16:44:32,081 - ResourceManager : found list.html.vm with loader org.apache.velocity.runtime.resource.loader.FileResourceLoader
2019-09-05 16:44:32,081 - ResourceManager : found list.html.vm with loader org.apache.velocity.runtime.resource.loader.FileResourceLoader
2019-09-05 16:44:32,081 - ResourceManager : found list.html.vm with loader org.apache.velocity.runtime.resource.loader.FileResourceLoader
2019-09-05 16:44:32,085 - ResourceManager : found list.js.vm with loader org.apache.velocity.runtime.resource.loader.FileResourceLoader
2019-09-05 16:44:32,085 - ResourceManager : found list.js.vm with loader org.apache.velocity.runtime.resource.loader.FileResourceLoader
2019-09-05 16:44:32,085 - ResourceManager : found list.js.vm with loader org.apache.velocity.runtime.resource.loader.FileResourceLoader
2019-09-05 16:51:37,445 - Log4JLogChute initialized using file 'velocity.log'
2019-09-05 16:51:37,446 - Initializing Velocity, Calling init()...
2019-09-05 16:51:37,446 - Starting Apache Velocity v1.7 (compiled: 2010-11-19 12:14:37)
2019-09-05 16:51:37,446 - Default Properties File: org\apache\velocity\runtime\defaults\velocity.properties
2019-09-05 16:51:37,446 - Trying to use logger class org.apache.velocity.runtime.log.AvalonLogChute
2019-09-05 16:51:37,446 - Target log system for org.apache.velocity.runtime.log.AvalonLogChute is not available (java.lang.NoClassDefFoundError: org/apache/log/format/Formatter).  Falling back to next log system...
2019-09-05 16:51:37,446 - Trying to use logger class org.apache.velocity.runtime.log.Log4JLogChute
2019-09-05 16:51:37,446 - Using logger class org.apache.velocity.runtime.log.Log4JLogChute
2019-09-05 16:51:37,449 - ResourceLoader instantiated: org.apache.velocity.runtime.resource.loader.FileResourceLoader
2019-09-05 16:51:37,449 - Do unicode file recognition:  false
2019-09-05 16:51:37,449 - FileResourceLoader : adding path 'D:\work\workspace\GIT\demo\java\ExportSpringBootProj\src\template\t2'
2019-09-05 16:51:37,457 - ResourceCache: initialized (class org.apache.velocity.runtime.resource.ResourceCacheImpl) with class java.util.Collections$SynchronizedMap cache map.
2019-09-05 16:51:37,458 - Loaded System Directive: org.apache.velocity.runtime.directive.Stop
2019-09-05 16:51:37,459 - Loaded System Directive: org.apache.velocity.runtime.directive.Define
2019-09-05 16:51:37,459 - Loaded System Directive: org.apache.velocity.runtime.directive.Break
2019-09-05 16:51:37,460 - Loaded System Directive: org.apache.velocity.runtime.directive.Evaluate
2019-09-05 16:51:37,460 - Loaded System Directive: org.apache.velocity.runtime.directive.Literal
2019-09-05 16:51:37,461 - Loaded System Directive: org.apache.velocity.runtime.directive.Macro
2019-09-05 16:51:37,462 - Loaded System Directive: org.apache.velocity.runtime.directive.Parse
2019-09-05 16:51:37,462 - Loaded System Directive: org.apache.velocity.runtime.directive.Include
2019-09-05 16:51:37,463 - Loaded System Directive: org.apache.velocity.runtime.directive.Foreach
2019-09-05 16:51:37,483 - Created '20' parsers.
2019-09-05 16:51:37,488 - Velocimacro : "velocimacro.library" is not set.  Trying default library: VM_global_library.vm
2019-09-05 16:51:37,488 - Velocimacro : Default library not found.
2019-09-05 16:51:37,488 - Velocimacro : allowInline = true : VMs can be defined inline in templates
2019-09-05 16:51:37,488 - Velocimacro : allowInlineToOverride = false : VMs defined inline may NOT replace previous VM definitions
2019-09-05 16:51:37,488 - Velocimacro : allowInlineLocal = false : VMs defined inline will be global in scope if allowed.
2019-09-05 16:51:37,488 - Velocimacro : autoload off : VM system will not automatically reload global library macros
2019-09-05 16:51:37,502 - ResourceManager : found pom.xml.vm with loader org.apache.velocity.runtime.resource.loader.FileResourceLoader
2019-09-05 16:51:37,507 - ResourceManager : found application.properties.vm with loader org.apache.velocity.runtime.resource.loader.FileResourceLoader
2019-09-05 16:51:37,508 - ResourceManager : found SpringBootStartApplication.java.vm with loader org.apache.velocity.runtime.resource.loader.FileResourceLoader
2019-09-05 16:51:37,509 - ResourceManager : found TomcatStartApplication.java.vm with loader org.apache.velocity.runtime.resource.loader.FileResourceLoader
2019-09-05 16:51:37,510 - ResourceManager : found MybatisConf.java.vm with loader org.apache.velocity.runtime.resource.loader.FileResourceLoader
2019-09-05 16:51:37,515 - ResourceManager : found seq.sql.vm with loader org.apache.velocity.runtime.resource.loader.FileResourceLoader
2019-09-05 16:51:37,517 - Left side ($dbtype) of '==' operation has null value. If it is a reference, it may not be in the context or its toString() returned null. pom.xml.vm[line 47, column 15]
2019-09-05 16:51:37,526 - Log4JLogChute initialized using file 'velocity.log'
2019-09-05 16:51:37,526 - Log4JLogChute initialized using file 'velocity.log'
2019-09-05 16:51:37,526 - Initializing Velocity, Calling init()...
2019-09-05 16:51:37,526 - Initializing Velocity, Calling init()...
2019-09-05 16:51:37,526 - Starting Apache Velocity v1.7 (compiled: 2010-11-19 12:14:37)
2019-09-05 16:51:37,526 - Starting Apache Velocity v1.7 (compiled: 2010-11-19 12:14:37)
2019-09-05 16:51:37,526 - Default Properties File: org\apache\velocity\runtime\defaults\velocity.properties
2019-09-05 16:51:37,526 - Default Properties File: org\apache\velocity\runtime\defaults\velocity.properties
2019-09-05 16:51:37,526 - Trying to use logger class org.apache.velocity.runtime.log.AvalonLogChute
2019-09-05 16:51:37,526 - Trying to use logger class org.apache.velocity.runtime.log.AvalonLogChute
2019-09-05 16:51:37,526 - Target log system for org.apache.velocity.runtime.log.AvalonLogChute is not available (java.lang.NoClassDefFoundError: org/apache/log/format/Formatter).  Falling back to next log system...
2019-09-05 16:51:37,526 - Target log system for org.apache.velocity.runtime.log.AvalonLogChute is not available (java.lang.NoClassDefFoundError: org/apache/log/format/Formatter).  Falling back to next log system...
2019-09-05 16:51:37,526 - Trying to use logger class org.apache.velocity.runtime.log.Log4JLogChute
2019-09-05 16:51:37,526 - Trying to use logger class org.apache.velocity.runtime.log.Log4JLogChute
2019-09-05 16:51:37,526 - Using logger class org.apache.velocity.runtime.log.Log4JLogChute
2019-09-05 16:51:37,526 - Using logger class org.apache.velocity.runtime.log.Log4JLogChute
2019-09-05 16:51:37,526 - ResourceLoader instantiated: org.apache.velocity.runtime.resource.loader.FileResourceLoader
2019-09-05 16:51:37,526 - ResourceLoader instantiated: org.apache.velocity.runtime.resource.loader.FileResourceLoader
2019-09-05 16:51:37,526 - Do unicode file recognition:  false
2019-09-05 16:51:37,526 - Do unicode file recognition:  false
2019-09-05 16:51:37,526 - FileResourceLoader : adding path 'D:\work\workspace\GIT\demo\java\ExportSpringBootProj\src\template\t2'
2019-09-05 16:51:37,526 - FileResourceLoader : adding path 'D:\work\workspace\GIT\demo\java\ExportSpringBootProj\src\template\t2'
2019-09-05 16:51:37,526 - ResourceCache: initialized (class org.apache.velocity.runtime.resource.ResourceCacheImpl) with class java.util.Collections$SynchronizedMap cache map.
2019-09-05 16:51:37,526 - ResourceCache: initialized (class org.apache.velocity.runtime.resource.ResourceCacheImpl) with class java.util.Collections$SynchronizedMap cache map.
2019-09-05 16:51:37,526 - Loaded System Directive: org.apache.velocity.runtime.directive.Stop
2019-09-05 16:51:37,526 - Loaded System Directive: org.apache.velocity.runtime.directive.Stop
2019-09-05 16:51:37,527 - Loaded System Directive: org.apache.velocity.runtime.directive.Define
2019-09-05 16:51:37,527 - Loaded System Directive: org.apache.velocity.runtime.directive.Define
2019-09-05 16:51:37,527 - Loaded System Directive: org.apache.velocity.runtime.directive.Break
2019-09-05 16:51:37,527 - Loaded System Directive: org.apache.velocity.runtime.directive.Break
2019-09-05 16:51:37,527 - Loaded System Directive: org.apache.velocity.runtime.directive.Evaluate
2019-09-05 16:51:37,527 - Loaded System Directive: org.apache.velocity.runtime.directive.Evaluate
2019-09-05 16:51:37,527 - Loaded System Directive: org.apache.velocity.runtime.directive.Literal
2019-09-05 16:51:37,527 - Loaded System Directive: org.apache.velocity.runtime.directive.Literal
2019-09-05 16:51:37,527 - Loaded System Directive: org.apache.velocity.runtime.directive.Macro
2019-09-05 16:51:37,527 - Loaded System Directive: org.apache.velocity.runtime.directive.Macro
2019-09-05 16:51:37,527 - Loaded System Directive: org.apache.velocity.runtime.directive.Parse
2019-09-05 16:51:37,527 - Loaded System Directive: org.apache.velocity.runtime.directive.Parse
2019-09-05 16:51:37,527 - Loaded System Directive: org.apache.velocity.runtime.directive.Include
2019-09-05 16:51:37,527 - Loaded System Directive: org.apache.velocity.runtime.directive.Include
2019-09-05 16:51:37,527 - Loaded System Directive: org.apache.velocity.runtime.directive.Foreach
2019-09-05 16:51:37,527 - Loaded System Directive: org.apache.velocity.runtime.directive.Foreach
2019-09-05 16:51:37,528 - Created '20' parsers.
2019-09-05 16:51:37,528 - Created '20' parsers.
2019-09-05 16:51:37,528 - Velocimacro : "velocimacro.library" is not set.  Trying default library: VM_global_library.vm
2019-09-05 16:51:37,528 - Velocimacro : "velocimacro.library" is not set.  Trying default library: VM_global_library.vm
2019-09-05 16:51:37,528 - Velocimacro : Default library not found.
2019-09-05 16:51:37,528 - Velocimacro : Default library not found.
2019-09-05 16:51:37,528 - Velocimacro : allowInline = true : VMs can be defined inline in templates
2019-09-05 16:51:37,528 - Velocimacro : allowInline = true : VMs can be defined inline in templates
2019-09-05 16:51:37,528 - Velocimacro : allowInlineToOverride = false : VMs defined inline may NOT replace previous VM definitions
2019-09-05 16:51:37,528 - Velocimacro : allowInlineToOverride = false : VMs defined inline may NOT replace previous VM definitions
2019-09-05 16:51:37,528 - Velocimacro : allowInlineLocal = false : VMs defined inline will be global in scope if allowed.
2019-09-05 16:51:37,528 - Velocimacro : allowInlineLocal = false : VMs defined inline will be global in scope if allowed.
2019-09-05 16:51:37,528 - Velocimacro : autoload off : VM system will not automatically reload global library macros
2019-09-05 16:51:37,528 - Velocimacro : autoload off : VM system will not automatically reload global library macros
2019-09-05 16:51:37,577 - ResourceManager : found dao.xml.vm with loader org.apache.velocity.runtime.resource.loader.FileResourceLoader
2019-09-05 16:51:37,577 - ResourceManager : found dao.xml.vm with loader org.apache.velocity.runtime.resource.loader.FileResourceLoader
2019-09-05 16:51:37,588 - ResourceManager : found dao.java.vm with loader org.apache.velocity.runtime.resource.loader.FileResourceLoader
2019-09-05 16:51:37,588 - ResourceManager : found dao.java.vm with loader org.apache.velocity.runtime.resource.loader.FileResourceLoader
2019-09-05 16:51:37,597 - ResourceManager : found entity.vm with loader org.apache.velocity.runtime.resource.loader.FileResourceLoader
2019-09-05 16:51:37,597 - ResourceManager : found entity.vm with loader org.apache.velocity.runtime.resource.loader.FileResourceLoader
2019-09-05 16:51:37,619 - ResourceManager : found service.vm with loader org.apache.velocity.runtime.resource.loader.FileResourceLoader
2019-09-05 16:51:37,619 - ResourceManager : found service.vm with loader org.apache.velocity.runtime.resource.loader.FileResourceLoader
2019-09-05 16:51:37,642 - ResourceManager : found endpoint.vm with loader org.apache.velocity.runtime.resource.loader.FileResourceLoader
2019-09-05 16:51:37,642 - ResourceManager : found endpoint.vm with loader org.apache.velocity.runtime.resource.loader.FileResourceLoader
2019-09-05 16:51:37,643 - Null reference [template 'dao.xml.vm', line 8, column 57] : ${attr.dbtype} cannot be resolved.
2019-09-05 16:51:37,643 - Null reference [template 'dao.xml.vm', line 8, column 57] : ${attr.dbtype} cannot be resolved.
2019-09-05 16:51:37,643 - Null reference [template 'dao.xml.vm', line 8, column 57] : ${attr.dbtype} cannot be resolved.
2019-09-05 16:51:37,643 - Null reference [template 'dao.xml.vm', line 8, column 57] : ${attr.dbtype} cannot be resolved.
2019-09-05 16:51:37,649 - Null reference [template 'dao.xml.vm', line 23, column 76] : ${attr.dbtype} cannot be resolved.
2019-09-05 16:51:37,649 - Null reference [template 'dao.xml.vm', line 23, column 76] : ${attr.dbtype} cannot be resolved.
2019-09-05 16:51:37,649 - Null reference [template 'dao.xml.vm', line 23, column 76] : ${attr.dbtype} cannot be resolved.
2019-09-05 16:51:37,649 - Null reference [template 'dao.xml.vm', line 23, column 76] : ${attr.dbtype} cannot be resolved.
2019-09-05 16:51:37,650 - Null reference [template 'dao.xml.vm', line 38, column 76] : ${attr.dbtype} cannot be resolved.
2019-09-05 16:51:37,650 - Null reference [template 'dao.xml.vm', line 38, column 76] : ${attr.dbtype} cannot be resolved.
2019-09-05 16:51:37,650 - Null reference [template 'dao.xml.vm', line 38, column 76] : ${attr.dbtype} cannot be resolved.
2019-09-05 16:51:37,650 - Null reference [template 'dao.xml.vm', line 38, column 76] : ${attr.dbtype} cannot be resolved.
2019-09-05 16:51:37,650 - Left side (${attr.javatype}) of '==' operation has null value. If it is a reference, it may not be in the context or its toString() returned null. dao.xml.vm[line 43, column 103]
2019-09-05 16:51:37,650 - Left side (${attr.javatype}) of '==' operation has null value. If it is a reference, it may not be in the context or its toString() returned null. dao.xml.vm[line 43, column 103]
2019-09-05 16:51:37,650 - Left side (${attr.javatype}) of '==' operation has null value. If it is a reference, it may not be in the context or its toString() returned null. dao.xml.vm[line 43, column 103]
2019-09-05 16:51:37,650 - Left side (${attr.javatype}) of '==' operation has null value. If it is a reference, it may not be in the context or its toString() returned null. dao.xml.vm[line 43, column 103]
2019-09-05 16:51:37,650 - Null reference [template 'dao.xml.vm', line 49, column 43] : ${sort} cannot be resolved.
2019-09-05 16:51:37,650 - Null reference [template 'dao.xml.vm', line 49, column 43] : ${sort} cannot be resolved.
2019-09-05 16:51:37,650 - Null reference [template 'dao.xml.vm', line 75, column 57] : ${attr.dbtype} cannot be resolved.
2019-09-05 16:51:37,650 - Null reference [template 'dao.xml.vm', line 75, column 57] : ${attr.dbtype} cannot be resolved.
2019-09-05 16:51:37,650 - Null reference [template 'dao.xml.vm', line 75, column 57] : ${attr.dbtype} cannot be resolved.
2019-09-05 16:51:37,650 - Null reference [template 'dao.xml.vm', line 75, column 57] : ${attr.dbtype} cannot be resolved.
2019-09-05 16:51:37,650 - Null reference [template 'dao.xml.vm', line 102, column 76] : ${attr.dbtype} cannot be resolved.
2019-09-05 16:51:37,650 - Null reference [template 'dao.xml.vm', line 102, column 76] : ${attr.dbtype} cannot be resolved.
2019-09-05 16:51:37,651 - Null reference [template 'dao.xml.vm', line 102, column 76] : ${attr.dbtype} cannot be resolved.
2019-09-05 16:51:37,651 - Null reference [template 'dao.xml.vm', line 102, column 76] : ${attr.dbtype} cannot be resolved.
2019-09-05 16:51:37,651 - Null reference [template 'dao.xml.vm', line 115, column 80] : ${attr.dbtype} cannot be resolved.
2019-09-05 16:51:37,651 - Null reference [template 'dao.xml.vm', line 115, column 80] : ${attr.dbtype} cannot be resolved.
2019-09-05 16:51:37,651 - Null reference [template 'dao.xml.vm', line 115, column 80] : ${attr.dbtype} cannot be resolved.
2019-09-05 16:51:37,651 - Null reference [template 'dao.xml.vm', line 115, column 80] : ${attr.dbtype} cannot be resolved.
2019-09-05 16:51:37,652 - Null reference [template 'entity.vm', line 9, column 17] : ${attr.javatype} cannot be resolved.
2019-09-05 16:51:37,652 - Null reference [template 'entity.vm', line 9, column 17] : ${attr.javatype} cannot be resolved.
2019-09-05 16:51:37,652 - Null reference [template 'entity.vm', line 9, column 17] : ${attr.javatype} cannot be resolved.
2019-09-05 16:51:37,652 - Null reference [template 'entity.vm', line 9, column 17] : ${attr.javatype} cannot be resolved.
2019-09-05 16:51:37,653 - Null reference [template 'entity.vm', line 17, column 16] : ${attr.javatype} cannot be resolved.
2019-09-05 16:51:37,653 - Null reference [template 'entity.vm', line 17, column 16] : ${attr.javatype} cannot be resolved.
2019-09-05 16:51:37,653 - Null reference [template 'entity.vm', line 17, column 36] : ${attr.nameupper} cannot be resolved.
2019-09-05 16:51:37,653 - Null reference [template 'entity.vm', line 17, column 36] : ${attr.nameupper} cannot be resolved.
2019-09-05 16:51:37,653 - Null reference [template 'entity.vm', line 20, column 24] : ${attr.nameupper} cannot be resolved.
2019-09-05 16:51:37,653 - Null reference [template 'entity.vm', line 20, column 24] : ${attr.nameupper} cannot be resolved.
2019-09-05 16:51:37,653 - Null reference [template 'entity.vm', line 20, column 42] : ${attr.javatype} cannot be resolved.
2019-09-05 16:51:37,653 - Null reference [template 'entity.vm', line 20, column 42] : ${attr.javatype} cannot be resolved.
2019-09-05 16:51:37,653 - Null reference [template 'entity.vm', line 17, column 16] : ${attr.javatype} cannot be resolved.
2019-09-05 16:51:37,653 - Null reference [template 'entity.vm', line 17, column 16] : ${attr.javatype} cannot be resolved.
2019-09-05 16:51:37,653 - Null reference [template 'entity.vm', line 17, column 36] : ${attr.nameupper} cannot be resolved.
2019-09-05 16:51:37,653 - Null reference [template 'entity.vm', line 17, column 36] : ${attr.nameupper} cannot be resolved.
2019-09-05 16:51:37,653 - Null reference [template 'entity.vm', line 20, column 24] : ${attr.nameupper} cannot be resolved.
2019-09-05 16:51:37,653 - Null reference [template 'entity.vm', line 20, column 24] : ${attr.nameupper} cannot be resolved.
2019-09-05 16:51:37,653 - Null reference [template 'entity.vm', line 20, column 42] : ${attr.javatype} cannot be resolved.
2019-09-05 16:51:37,653 - Null reference [template 'entity.vm', line 20, column 42] : ${attr.javatype} cannot be resolved.
2019-09-05 16:51:37,656 - Log4JLogChute initialized using file 'velocity.log'
2019-09-05 16:51:37,656 - Log4JLogChute initialized using file 'velocity.log'
2019-09-05 16:51:37,656 - Log4JLogChute initialized using file 'velocity.log'
2019-09-05 16:51:37,656 - Initializing Velocity, Calling init()...
2019-09-05 16:51:37,656 - Initializing Velocity, Calling init()...
2019-09-05 16:51:37,656 - Initializing Velocity, Calling init()...
2019-09-05 16:51:37,656 - Starting Apache Velocity v1.7 (compiled: 2010-11-19 12:14:37)
2019-09-05 16:51:37,656 - Starting Apache Velocity v1.7 (compiled: 2010-11-19 12:14:37)
2019-09-05 16:51:37,656 - Starting Apache Velocity v1.7 (compiled: 2010-11-19 12:14:37)
2019-09-05 16:51:37,656 - Default Properties File: org\apache\velocity\runtime\defaults\velocity.properties
2019-09-05 16:51:37,656 - Default Properties File: org\apache\velocity\runtime\defaults\velocity.properties
2019-09-05 16:51:37,656 - Default Properties File: org\apache\velocity\runtime\defaults\velocity.properties
2019-09-05 16:51:37,656 - Trying to use logger class org.apache.velocity.runtime.log.AvalonLogChute
2019-09-05 16:51:37,656 - Trying to use logger class org.apache.velocity.runtime.log.AvalonLogChute
2019-09-05 16:51:37,656 - Trying to use logger class org.apache.velocity.runtime.log.AvalonLogChute
2019-09-05 16:51:37,656 - Target log system for org.apache.velocity.runtime.log.AvalonLogChute is not available (java.lang.NoClassDefFoundError: org/apache/log/format/Formatter).  Falling back to next log system...
2019-09-05 16:51:37,656 - Target log system for org.apache.velocity.runtime.log.AvalonLogChute is not available (java.lang.NoClassDefFoundError: org/apache/log/format/Formatter).  Falling back to next log system...
2019-09-05 16:51:37,656 - Target log system for org.apache.velocity.runtime.log.AvalonLogChute is not available (java.lang.NoClassDefFoundError: org/apache/log/format/Formatter).  Falling back to next log system...
2019-09-05 16:51:37,656 - Trying to use logger class org.apache.velocity.runtime.log.Log4JLogChute
2019-09-05 16:51:37,656 - Trying to use logger class org.apache.velocity.runtime.log.Log4JLogChute
2019-09-05 16:51:37,656 - Trying to use logger class org.apache.velocity.runtime.log.Log4JLogChute
2019-09-05 16:51:37,656 - Using logger class org.apache.velocity.runtime.log.Log4JLogChute
2019-09-05 16:51:37,656 - Using logger class org.apache.velocity.runtime.log.Log4JLogChute
2019-09-05 16:51:37,656 - Using logger class org.apache.velocity.runtime.log.Log4JLogChute
2019-09-05 16:51:37,656 - ResourceLoader instantiated: org.apache.velocity.runtime.resource.loader.FileResourceLoader
2019-09-05 16:51:37,656 - ResourceLoader instantiated: org.apache.velocity.runtime.resource.loader.FileResourceLoader
2019-09-05 16:51:37,656 - ResourceLoader instantiated: org.apache.velocity.runtime.resource.loader.FileResourceLoader
2019-09-05 16:51:37,657 - Do unicode file recognition:  false
2019-09-05 16:51:37,657 - Do unicode file recognition:  false
2019-09-05 16:51:37,657 - Do unicode file recognition:  false
2019-09-05 16:51:37,657 - FileResourceLoader : adding path 'D:\work\workspace\GIT\demo\java\ExportSpringBootProj\src\template\t2\view'
2019-09-05 16:51:37,657 - FileResourceLoader : adding path 'D:\work\workspace\GIT\demo\java\ExportSpringBootProj\src\template\t2\view'
2019-09-05 16:51:37,657 - FileResourceLoader : adding path 'D:\work\workspace\GIT\demo\java\ExportSpringBootProj\src\template\t2\view'
2019-09-05 16:51:37,657 - ResourceCache: initialized (class org.apache.velocity.runtime.resource.ResourceCacheImpl) with class java.util.Collections$SynchronizedMap cache map.
2019-09-05 16:51:37,657 - ResourceCache: initialized (class org.apache.velocity.runtime.resource.ResourceCacheImpl) with class java.util.Collections$SynchronizedMap cache map.
2019-09-05 16:51:37,657 - ResourceCache: initialized (class org.apache.velocity.runtime.resource.ResourceCacheImpl) with class java.util.Collections$SynchronizedMap cache map.
2019-09-05 16:51:37,657 - Loaded System Directive: org.apache.velocity.runtime.directive.Stop
2019-09-05 16:51:37,657 - Loaded System Directive: org.apache.velocity.runtime.directive.Stop
2019-09-05 16:51:37,657 - Loaded System Directive: org.apache.velocity.runtime.directive.Stop
2019-09-05 16:51:37,657 - Loaded System Directive: org.apache.velocity.runtime.directive.Define
2019-09-05 16:51:37,657 - Loaded System Directive: org.apache.velocity.runtime.directive.Define
2019-09-05 16:51:37,657 - Loaded System Directive: org.apache.velocity.runtime.directive.Define
2019-09-05 16:51:37,657 - Loaded System Directive: org.apache.velocity.runtime.directive.Break
2019-09-05 16:51:37,657 - Loaded System Directive: org.apache.velocity.runtime.directive.Break
2019-09-05 16:51:37,657 - Loaded System Directive: org.apache.velocity.runtime.directive.Break
2019-09-05 16:51:37,657 - Loaded System Directive: org.apache.velocity.runtime.directive.Evaluate
2019-09-05 16:51:37,657 - Loaded System Directive: org.apache.velocity.runtime.directive.Evaluate
2019-09-05 16:51:37,657 - Loaded System Directive: org.apache.velocity.runtime.directive.Evaluate
2019-09-05 16:51:37,657 - Loaded System Directive: org.apache.velocity.runtime.directive.Literal
2019-09-05 16:51:37,657 - Loaded System Directive: org.apache.velocity.runtime.directive.Literal
2019-09-05 16:51:37,657 - Loaded System Directive: org.apache.velocity.runtime.directive.Literal
2019-09-05 16:51:37,657 - Loaded System Directive: org.apache.velocity.runtime.directive.Macro
2019-09-05 16:51:37,657 - Loaded System Directive: org.apache.velocity.runtime.directive.Macro
2019-09-05 16:51:37,657 - Loaded System Directive: org.apache.velocity.runtime.directive.Macro
2019-09-05 16:51:37,657 - Loaded System Directive: org.apache.velocity.runtime.directive.Parse
2019-09-05 16:51:37,657 - Loaded System Directive: org.apache.velocity.runtime.directive.Parse
2019-09-05 16:51:37,657 - Loaded System Directive: org.apache.velocity.runtime.directive.Parse
2019-09-05 16:51:37,657 - Loaded System Directive: org.apache.velocity.runtime.directive.Include
2019-09-05 16:51:37,657 - Loaded System Directive: org.apache.velocity.runtime.directive.Include
2019-09-05 16:51:37,657 - Loaded System Directive: org.apache.velocity.runtime.directive.Include
2019-09-05 16:51:37,657 - Loaded System Directive: org.apache.velocity.runtime.directive.Foreach
2019-09-05 16:51:37,657 - Loaded System Directive: org.apache.velocity.runtime.directive.Foreach
2019-09-05 16:51:37,657 - Loaded System Directive: org.apache.velocity.runtime.directive.Foreach
2019-09-05 16:51:37,659 - Created '20' parsers.
2019-09-05 16:51:37,659 - Created '20' parsers.
2019-09-05 16:51:37,659 - Created '20' parsers.
2019-09-05 16:51:37,659 - Velocimacro : "velocimacro.library" is not set.  Trying default library: VM_global_library.vm
2019-09-05 16:51:37,659 - Velocimacro : "velocimacro.library" is not set.  Trying default library: VM_global_library.vm
2019-09-05 16:51:37,659 - Velocimacro : "velocimacro.library" is not set.  Trying default library: VM_global_library.vm
2019-09-05 16:51:37,659 - Velocimacro : Default library not found.
2019-09-05 16:51:37,659 - Velocimacro : Default library not found.
2019-09-05 16:51:37,659 - Velocimacro : Default library not found.
2019-09-05 16:51:37,659 - Velocimacro : allowInline = true : VMs can be defined inline in templates
2019-09-05 16:51:37,659 - Velocimacro : allowInline = true : VMs can be defined inline in templates
2019-09-05 16:51:37,659 - Velocimacro : allowInline = true : VMs can be defined inline in templates
2019-09-05 16:51:37,659 - Velocimacro : allowInlineToOverride = false : VMs defined inline may NOT replace previous VM definitions
2019-09-05 16:51:37,659 - Velocimacro : allowInlineToOverride = false : VMs defined inline may NOT replace previous VM definitions
2019-09-05 16:51:37,659 - Velocimacro : allowInlineToOverride = false : VMs defined inline may NOT replace previous VM definitions
2019-09-05 16:51:37,659 - Velocimacro : allowInlineLocal = false : VMs defined inline will be global in scope if allowed.
2019-09-05 16:51:37,659 - Velocimacro : allowInlineLocal = false : VMs defined inline will be global in scope if allowed.
2019-09-05 16:51:37,659 - Velocimacro : allowInlineLocal = false : VMs defined inline will be global in scope if allowed.
2019-09-05 16:51:37,659 - Velocimacro : autoload off : VM system will not automatically reload global library macros
2019-09-05 16:51:37,659 - Velocimacro : autoload off : VM system will not automatically reload global library macros
2019-09-05 16:51:37,659 - Velocimacro : autoload off : VM system will not automatically reload global library macros
2019-09-05 16:51:37,665 - ResourceManager : found data.js.vm with loader org.apache.velocity.runtime.resource.loader.FileResourceLoader
2019-09-05 16:51:37,665 - ResourceManager : found data.js.vm with loader org.apache.velocity.runtime.resource.loader.FileResourceLoader
2019-09-05 16:51:37,665 - ResourceManager : found data.js.vm with loader org.apache.velocity.runtime.resource.loader.FileResourceLoader
2019-09-05 16:51:37,673 - ResourceManager : found detail.html.vm with loader org.apache.velocity.runtime.resource.loader.FileResourceLoader
2019-09-05 16:51:37,673 - ResourceManager : found detail.html.vm with loader org.apache.velocity.runtime.resource.loader.FileResourceLoader
2019-09-05 16:51:37,673 - ResourceManager : found detail.html.vm with loader org.apache.velocity.runtime.resource.loader.FileResourceLoader
2019-09-05 16:51:37,690 - ResourceManager : found detail.js.vm with loader org.apache.velocity.runtime.resource.loader.FileResourceLoader
2019-09-05 16:51:37,690 - ResourceManager : found detail.js.vm with loader org.apache.velocity.runtime.resource.loader.FileResourceLoader
2019-09-05 16:51:37,690 - ResourceManager : found detail.js.vm with loader org.apache.velocity.runtime.resource.loader.FileResourceLoader
2019-09-05 16:51:37,693 - ResourceManager : found list.html.vm with loader org.apache.velocity.runtime.resource.loader.FileResourceLoader
2019-09-05 16:51:37,693 - ResourceManager : found list.html.vm with loader org.apache.velocity.runtime.resource.loader.FileResourceLoader
2019-09-05 16:51:37,693 - ResourceManager : found list.html.vm with loader org.apache.velocity.runtime.resource.loader.FileResourceLoader
2019-09-05 16:51:37,698 - ResourceManager : found list.js.vm with loader org.apache.velocity.runtime.resource.loader.FileResourceLoader
2019-09-05 16:51:37,698 - ResourceManager : found list.js.vm with loader org.apache.velocity.runtime.resource.loader.FileResourceLoader
2019-09-05 16:51:37,698 - ResourceManager : found list.js.vm with loader org.apache.velocity.runtime.resource.loader.FileResourceLoader
